{
  "RSpec": {
    "coverage": {
      "/Users/abdullamahmood/projects/final_project/shopping-list-app/app/models/user.rb": [
        1,
        null,
        null,
        1,
        null,
        null,
        1,
        null,
        null
      ],
      "/Users/abdullamahmood/projects/final_project/shopping-list-app/app/models/application_record.rb": [
        1,
        1,
        null
      ],
      "/Users/abdullamahmood/projects/final_project/shopping-list-app/app/helpers/application_helper.rb": [
        1,
        null
      ],
      "/Users/abdullamahmood/projects/final_project/shopping-list-app/app/helpers/items_helper.rb": [
        1,
        null
      ],
      "/Users/abdullamahmood/projects/final_project/shopping-list-app/app/controllers/items_controller.rb": [
        1,
        null,
        null,
        1,
        null,
        1,
        26,
        null,
        null,
        1,
        9,
        null,
        null,
        1,
        9,
        9,
        9,
        9,
        9,
        8,
        null,
        1,
        null,
        null,
        null,
        1,
        1,
        null,
        null,
        1,
        1,
        null,
        null,
        1,
        1,
        1,
        1,
        null,
        null,
        1,
        1,
        1,
        1,
        1,
        null,
        null,
        1,
        1,
        1,
        null,
        null,
        1,
        0,
        0,
        null,
        null,
        1,
        10,
        null,
        null,
        null
      ],
      "/Users/abdullamahmood/projects/final_project/shopping-list-app/app/controllers/application_controller.rb": [
        1,
        1,
        null
      ],
      "/Users/abdullamahmood/projects/final_project/shopping-list-app/app/models/item.rb": [
        1,
        null,
        1,
        null,
        1,
        null,
        1,
        1,
        null,
        1,
        1,
        null,
        null,
        1,
        12,
        null,
        null,
        null,
        null,
        null,
        null
      ]
    },
    "timestamp": 1469798319
  }
}
